#
# There is insufficient memory for the Java Runtime Environment to continue.
# Native memory allocation (malloc) failed to allocate 1048576 bytes. Error detail: AllocateHeap
# Possible reasons:
#   The system is out of physical RAM or swap space
#   This process is running with CompressedOops enabled, and the Java Heap may be blocking the growth of the native heap
# Possible solutions:
#   Reduce memory load on the system
#   Increase physical memory or swap space
#   Check if swap backing store is full
#   Decrease Java heap size (-Xmx/-Xms)
#   Decrease number of Java threads
#   Decrease Java thread stack sizes (-Xss)
#   Set larger code cache with -XX:ReservedCodeCacheSize=
#   JVM is running with Unscaled Compressed Oops mode in which the Java heap is
#     placed in the first 4GB address space. The Java Heap base address is the
#     maximum limit for the native heap growth. Please use -XX:HeapBaseMinAddress
#     to set the Java Heap base and to place the Java Heap above 4GB virtual address.
# This output file may be truncated or incomplete.
#
#  Out of Memory Error (allocation.cpp:44), pid=14920, tid=21760
#
# JRE version:  (21.0.10+7) (build )
# Java VM: OpenJDK 64-Bit Server VM (21.0.10+7-LTS, mixed mode, sharing, tiered, compressed oops, compressed class ptrs, parallel gc, windows-amd64)
# No core dump will be written. Minidumps are not enabled by default on client versions of Windows
#

---------------  S U M M A R Y ------------

Command Line: --add-modules=ALL-SYSTEM --add-opens=java.base/java.util=ALL-UNNAMED --add-opens=java.base/java.lang=ALL-UNNAMED --add-opens=java.base/sun.nio.fs=ALL-UNNAMED -Declipse.application=org.eclipse.jdt.ls.core.id1 -Dosgi.bundles.defaultStartLevel=4 -Declipse.product=org.eclipse.jdt.ls.core.product -Djava.import.generatesMetadataFilesAtProjectRoot=false -DDetectVMInstallationsJob.disabled=true -Dfile.encoding=utf8 -XX:+UseParallelGC -XX:GCTimeRatio=4 -XX:AdaptiveSizePolicyWeight=90 -Dsun.zip.disableMemoryMapping=true -Xmx2G -Xms100m -Xlog:disable -javaagent:c:\Users\dushy\.vscode\extensions\redhat.java-1.54.0-win32-x64\lombok\lombok-1.18.39-4050.jar -XX:+HeapDumpOnOutOfMemoryError -XX:HeapDumpPath=c:\Users\dushy\AppData\Roaming\Code\User\workspaceStorage\169910b383e44806a900145031c99667\redhat.java -Daether.dependencyCollector.impl=bf c:\Users\dushy\.vscode\extensions\redhat.java-1.54.0-win32-x64\server\plugins\org.eclipse.equinox.launcher_1.7.100.v20251111-0406.jar -configuration c:\Users\dushy\AppData\Roaming\Code\User\globalStorage\redhat.java\1.54.0\config_win -data c:\Users\dushy\AppData\Roaming\Code\User\workspaceStorage\169910b383e44806a900145031c99667\redhat.java\jdt_ws --pipe=\\.\pipe\lsp-dd742cc03bc80982e17dbb49f52e46e8-sock

Host: 12th Gen Intel(R) Core(TM) i5-1235U, 12 cores, 7G,  Windows 11 , 64 bit Build 26100 (10.0.26100.7705)
Time: Fri May  8 17:31:22 2026 India Standard Time elapsed time: 0.319516 seconds (0d 0h 0m 0s)

---------------  T H R E A D  ---------------

Current thread (0x000001d3fc302070):  JavaThread "Unknown thread" [_thread_in_vm, id=21760, stack(0x000000c3d6800000,0x000000c3d6900000) (1024K)]

Stack: [0x000000c3d6800000,0x000000c3d6900000]
Native frames: (J=compiled Java code, j=interpreted, Vv=VM code, C=native code)
V  [jvm.dll+0x6d7a39]
V  [jvm.dll+0x8b4b26]
V  [jvm.dll+0x8b70de]
V  [jvm.dll+0x8b77c3]
V  [jvm.dll+0x284346]
V  [jvm.dll+0xc1277]
V  [jvm.dll+0x70ba02]
V  [jvm.dll+0x70c73c]
V  [jvm.dll+0x6e65d3]
V  [jvm.dll+0x87f17c]
V  [jvm.dll+0x3c49fc]
V  [jvm.dll+0x867e6b]
V  [jvm.dll+0x457b31]
V  [jvm.dll+0x459721]
C  [jli.dll+0x52d0]
C  [ucrtbase.dll+0x37b0]
C  [KERNEL32.DLL+0x2e8d7]
C  [ntdll.dll+0x8c40c]


---------------  P R O C E S S  ---------------

Threads class SMR info:
_java_thread_list=0x000001d3fc32ac50, length=1, elements={
0x000001d3fc302070
}

Java Threads: ( => current thread )
=>0x000001d3fc302070 JavaThread "Unknown thread"             [_thread_in_vm, id=21760, stack(0x000000c3d6800000,0x000000c3d6900000) (1024K)]
Total: 1

Other Threads:
  0x000001d3ffc8ca00 WatcherThread "VM Periodic Task Thread"        [id=19684, stack(0x000000c3d6a00000,0x000000c3d6b00000) (1024K)]
  0x000001d3fc3206f0 WorkerThread "GC Thread#0"                     [id=1520, stack(0x000000c3d6900000,0x000000c3d6a00000) (1024K)]
Total: 2

Threads with active compile tasks:
Total: 0

VM state: not at safepoint (normal execution)

VM Mutex/Monitor currently owned by a thread: None

Heap address: 0x0000000080000000, size: 2048 MB, Compressed Oops mode: 32-bit

CDS archive(s) mapped at: [0x000001d393000000-0x000001d393ba0000-0x000001d393ba0000), size 12189696, SharedBaseAddress: 0x000001d393000000, ArchiveRelocationMode: 1.
Compressed class space mapped at: 0x000001d394000000-0x000001d3d4000000, reserved size: 1073741824
Narrow klass base: 0x000001d393000000, Narrow klass shift: 0, Narrow klass range: 0x100000000

GC Precious Log:
 CardTable entry size: 512
 CPUs: 12 total, 12 available
 Memory: 7876M
 Large Page Support: Disabled
 NUMA Support: Disabled
 Compressed Oops: Enabled (32-bit)
 Alignments: Space 512K, Generation 512K, Heap 2M
 Heap Min Capacity: 100M
 Heap Initial Capacity: 100M
 Heap Max Capacity: 2G
 Pre-touch: Disabled
 Parallel Workers: 10

Heap:
 PSYoungGen      total 29696K, used 512K [0x00000000d5580000, 0x00000000d7680000, 0x0000000100000000)
  eden space 25600K, 2% used [0x00000000d5580000,0x00000000d5600020,0x00000000d6e80000)
  from space 4096K, 0% used [0x00000000d7280000,0x00000000d7280000,0x00000000d7680000)
  to   space 4096K, 0% used [0x00000000d6e80000,0x00000000d6e80000,0x00000000d7280000)
 ParOldGen       total 68608K, used 0K [0x0000000080000000, 0x0000000084300000, 0x00000000d5580000)
  object space 68608K, 0% used [0x0000000080000000,0x0000000080000000,0x0000000084300000)
 Metaspace       used 0K, committed 0K, reserved 1048576K
  class space    used 0K, committed 0K, reserved 1048576K

Card table byte_map: [0x000001d3fbcc0000,0x000001d3fc0d0000] _byte_map_base: 0x000001d3fb8c0000

Marking Bits: (ParMarkBitMap*) 0x00007ffe00a03450
 Begin Bits: [0x000001d38f000000, 0x000001d391000000)
 End Bits:   [0x000001d391000000, 0x000001d393000000)

Polling page: 0x000001d3fa580000

Metaspace:

Usage:
  Non-class:      0 bytes used.
      Class:      0 bytes used.
       Both:      0 bytes used.

Virtual space:
  Non-class space:        0 bytes reserved,       0 bytes (  ?%) committed,  0 nodes.
      Class space:        1.00 GB reserved,       0 bytes (  0%) committed,  1 nodes.
             Both:        1.00 GB reserved,       0 bytes (  0%) committed. 

Chunk freelists:
   Non-Class:  0 bytes
       Class:  16.00 MB
        Both:  16.00 MB

MaxMetaspaceSize: unlimited
CompressedClassSpaceSize: 1.00 GB
Initial GC threshold: 21.00 MB
Current GC threshold: 17179869184.00 GB
CDS: on
 - commit_granule_bytes: 65536.
 - commit_granule_words: 8192.
 - virtual_space_node_default_size: 8388608.
 - enlarge_chunks_in_place: 1.
 - use_allocation_guard: 0.


Internal statistics:

num_allocs_failed_limit: 0.
num_arena_births: 0.
num_arena_deaths: 0.
num_vsnodes_births: 1.
num_vsnodes_deaths: 0.
num_space_committed: 0.
num_space_uncommitted: 0.
num_chunks_returned_to_freelist: 0.
num_chunks_taken_from_freelist: 1.
num_chunk_merges: 0.
num_chunk_splits: 1.
num_chunks_enlarged: 0.
num_inconsistent_stats: 0.

CodeHeap 'non-profiled nmethods': size=120000Kb used=0Kb max_used=0Kb free=120000Kb
 bounds [0x000001d387ad0000, 0x000001d387d40000, 0x000001d38f000000]
CodeHeap 'profiled nmethods': size=120000Kb used=0Kb max_used=0Kb free=120000Kb
 bounds [0x000001d380000000, 0x000001d380270000, 0x000001d387530000]
CodeHeap 'non-nmethods': size=5760Kb used=194Kb max_used=342Kb free=5565Kb
 bounds [0x000001d387530000, 0x000001d3877a0000, 0x000001d387ad0000]
CodeCache: size=245760Kb, used=194Kb, max_used=342Kb, free=245565Kb
 total_blobs=70, nmethods=0, adapters=48, full_count=0
Compilation: enabled, stopped_count=0, restarted_count=0

Compilation events (0 events):
No events

GC Heap History (0 events):
No events

Dll operation events (1 events):
Event: 0.029 Loaded shared library c:\Users\dushy\.vscode\extensions\redhat.java-1.54.0-win32-x64\jre\21.0.10-win32-x86_64\bin\java.dll

Deoptimization events (0 events):
No events

Classes loaded (0 events):
No events

Classes unloaded (0 events):
No events

Classes redefined (0 events):
No events

Internal exceptions (0 events):
No events

ZGC Phase Switch (0 events):
No events

VM Operations (0 events):
No events

Memory protections (0 events):
No events

Nmethod flushes (0 events):
No events

Events (1 events):
Event: 0.066 Thread 0x000001d3fc302070 Thread added: 0x000001d3fc302070


Dynamic libraries:
0x00007ff74c8e0000 - 0x00007ff74c8ee000 	c:\Users\dushy\.vscode\extensions\redhat.java-1.54.0-win32-x64\jre\21.0.10-win32-x86_64\bin\java.exe
0x00007ffef2400000 - 0x00007ffef2668000 	C:\WINDOWS\SYSTEM32\ntdll.dll
0x00007ffef1ab0000 - 0x00007ffef1b79000 	C:\WINDOWS\System32\KERNEL32.DLL
0x00007ffeeece0000 - 0x00007ffeef0d1000 	C:\WINDOWS\System32\KERNELBASE.dll
0x00007ffeef4b0000 - 0x00007ffeef5fb000 	C:\WINDOWS\System32\ucrtbase.dll
0x00007ffeab0d0000 - 0x00007ffeab0e8000 	c:\Users\dushy\.vscode\extensions\redhat.java-1.54.0-win32-x64\jre\21.0.10-win32-x86_64\bin\jli.dll
0x00007ffeb42a0000 - 0x00007ffeb42be000 	c:\Users\dushy\.vscode\extensions\redhat.java-1.54.0-win32-x64\jre\21.0.10-win32-x86_64\bin\VCRUNTIME140.dll
0x00007ffef0c90000 - 0x00007ffef0e56000 	C:\WINDOWS\System32\USER32.dll
0x00007ffeef480000 - 0x00007ffeef4a7000 	C:\WINDOWS\System32\win32u.dll
0x00007ffed0c40000 - 0x00007ffed0ed3000 	C:\WINDOWS\WinSxS\amd64_microsoft.windows.common-controls_6595b64144ccf1df_6.0.26100.7824_none_3e0870b2e3345462\COMCTL32.dll
0x00007ffef1bc0000 - 0x00007ffef1c69000 	C:\WINDOWS\System32\msvcrt.dll
0x00007ffef1b90000 - 0x00007ffef1bbb000 	C:\WINDOWS\System32\GDI32.dll
0x00007ffeeffe0000 - 0x00007ffef010b000 	C:\WINDOWS\System32\gdi32full.dll
0x00007ffeef250000 - 0x00007ffeef2f3000 	C:\WINDOWS\System32\msvcp_win.dll
0x00007ffef1330000 - 0x00007ffef1361000 	C:\WINDOWS\System32\IMM32.DLL
0x00007ffed0780000 - 0x00007ffed078c000 	c:\Users\dushy\.vscode\extensions\redhat.java-1.54.0-win32-x64\jre\21.0.10-win32-x86_64\bin\vcruntime140_1.dll
0x00007ffe4a350000 - 0x00007ffe4a3dd000 	c:\Users\dushy\.vscode\extensions\redhat.java-1.54.0-win32-x64\jre\21.0.10-win32-x86_64\bin\msvcp140.dll
0x00007ffdffd40000 - 0x00007ffe00ae1000 	c:\Users\dushy\.vscode\extensions\redhat.java-1.54.0-win32-x64\jre\21.0.10-win32-x86_64\bin\server\jvm.dll
0x00007ffef10f0000 - 0x00007ffef11a4000 	C:\WINDOWS\System32\ADVAPI32.dll
0x00007ffef1920000 - 0x00007ffef19c6000 	C:\WINDOWS\System32\sechost.dll
0x00007ffef11b0000 - 0x00007ffef12c8000 	C:\WINDOWS\System32\RPCRT4.dll
0x00007ffef0e60000 - 0x00007ffef0ed4000 	C:\WINDOWS\System32\WS2_32.dll
0x00007ffeeeb40000 - 0x00007ffeeeb9e000 	C:\WINDOWS\SYSTEM32\POWRPROF.dll
0x00007ffee9cb0000 - 0x00007ffee9ce5000 	C:\WINDOWS\SYSTEM32\WINMM.dll
0x00007ffeddd60000 - 0x00007ffeddd6b000 	C:\WINDOWS\SYSTEM32\VERSION.dll
0x00007ffeeeb20000 - 0x00007ffeeeb34000 	C:\WINDOWS\SYSTEM32\UMPDC.dll
0x00007ffeeda50000 - 0x00007ffeeda6b000 	C:\WINDOWS\SYSTEM32\kernel.appcore.dll
0x00007ffecde80000 - 0x00007ffecde8a000 	c:\Users\dushy\.vscode\extensions\redhat.java-1.54.0-win32-x64\jre\21.0.10-win32-x86_64\bin\jimage.dll
0x00007ffeecb20000 - 0x00007ffeecd62000 	C:\WINDOWS\SYSTEM32\DBGHELP.DLL
0x00007ffef01a0000 - 0x00007ffef0526000 	C:\WINDOWS\System32\combase.dll
0x00007ffef19d0000 - 0x00007ffef1aa7000 	C:\WINDOWS\System32\OLEAUT32.dll
0x00007ffeccf30000 - 0x00007ffeccf6b000 	C:\WINDOWS\SYSTEM32\dbgcore.DLL
0x00007ffeef600000 - 0x00007ffeef6a5000 	C:\WINDOWS\System32\bcryptPrimitives.dll
0x00007ffeaafd0000 - 0x00007ffeaafdf000 	c:\Users\dushy\.vscode\extensions\redhat.java-1.54.0-win32-x64\jre\21.0.10-win32-x86_64\bin\instrument.dll
0x00007ffea6a60000 - 0x00007ffea6a80000 	c:\Users\dushy\.vscode\extensions\redhat.java-1.54.0-win32-x64\jre\21.0.10-win32-x86_64\bin\java.dll

JVMTI agents:
c:\Users\dushy\.vscode\extensions\redhat.java-1.54.0-win32-x64\lombok\lombok-1.18.39-4050.jar path:none, loaded, not initialized, instrumentlib options:none

dbghelp: loaded successfully - version: 4.0.5 - missing functions: none
symbol engine: initialized successfully - sym options: 0x614 - pdb path: .;c:\Users\dushy\.vscode\extensions\redhat.java-1.54.0-win32-x64\jre\21.0.10-win32-x86_64\bin;C:\WINDOWS\SYSTEM32;C:\WINDOWS\WinSxS\amd64_microsoft.windows.common-controls_6595b64144ccf1df_6.0.26100.7824_none_3e0870b2e3345462;c:\Users\dushy\.vscode\extensions\redhat.java-1.54.0-win32-x64\jre\21.0.10-win32-x86_64\bin\server

VM Arguments:
jvm_args: --add-modules=ALL-SYSTEM --add-opens=java.base/java.util=ALL-UNNAMED --add-opens=java.base/java.lang=ALL-UNNAMED --add-opens=java.base/sun.nio.fs=ALL-UNNAMED -Declipse.application=org.eclipse.jdt.ls.core.id1 -Dosgi.bundles.defaultStartLevel=4 -Declipse.product=org.eclipse.jdt.ls.core.product -Djava.import.generatesMetadataFilesAtProjectRoot=false -DDetectVMInstallationsJob.disabled=true -Dfile.encoding=utf8 -XX:+UseParallelGC -XX:GCTimeRatio=4 -XX:AdaptiveSizePolicyWeight=90 -Dsun.zip.disableMemoryMapping=true -Xmx2G -Xms100m -Xlog:disable -javaagent:c:\Users\dushy\.vscode\extensions\redhat.java-1.54.0-win32-x64\lombok\lombok-1.18.39-4050.jar -XX:+HeapDumpOnOutOfMemoryError -XX:HeapDumpPath=c:\Users\dushy\AppData\Roaming\Code\User\workspaceStorage\169910b383e44806a900145031c99667\redhat.java -Daether.dependencyCollector.impl=bf 
java_command: c:\Users\dushy\.vscode\extensions\redhat.java-1.54.0-win32-x64\server\plugins\org.eclipse.equinox.launcher_1.7.100.v20251111-0406.jar -configuration c:\Users\dushy\AppData\Roaming\Code\User\globalStorage\redhat.java\1.54.0\config_win -data c:\Users\dushy\AppData\Roaming\Code\User\workspaceStorage\169910b383e44806a900145031c99667\redhat.java\jdt_ws --pipe=\\.\pipe\lsp-dd742cc03bc80982e17dbb49f52e46e8-sock
java_class_path (initial): c:\Users\dushy\.vscode\extensions\redhat.java-1.54.0-win32-x64\server\plugins\org.eclipse.equinox.launcher_1.7.100.v20251111-0406.jar
Launcher Type: SUN_STANDARD

[Global flags]
    uintx AdaptiveSizePolicyWeight                 = 90                                        {product} {command line}
     intx CICompilerCount                          = 4                                         {product} {ergonomic}
    uintx GCTimeRatio                              = 4                                         {product} {command line}
     bool HeapDumpOnOutOfMemoryError               = true                                   {manageable} {command line}
    ccstr HeapDumpPath                             = c:\Users\dushy\AppData\Roaming\Code\User\workspaceStorage\169910b383e44806a900145031c99667\redhat.java         {manageable} {command line}
   size_t InitialHeapSize                          = 104857600                                 {product} {command line}
   size_t MaxHeapSize                              = 2147483648                                {product} {command line}
   size_t MaxNewSize                               = 715653120                                 {product} {ergonomic}
   size_t MinHeapDeltaBytes                        = 524288                                    {product} {ergonomic}
   size_t MinHeapSize                              = 104857600                                 {product} {command line}
   size_t NewSize                                  = 34603008                                  {product} {ergonomic}
    uintx NonNMethodCodeHeapSize                   = 5839372                                {pd product} {ergonomic}
    uintx NonProfiledCodeHeapSize                  = 122909434                              {pd product} {ergonomic}
   size_t OldSize                                  = 70254592                                  {product} {ergonomic}
    uintx ProfiledCodeHeapSize                     = 122909434                              {pd product} {ergonomic}
    uintx ReservedCodeCacheSize                    = 251658240                              {pd product} {ergonomic}
     bool SegmentedCodeCache                       = true                                      {product} {ergonomic}
   size_t SoftMaxHeapSize                          = 2147483648                             {manageable} {ergonomic}
     bool UseCompressedOops                        = true                           {product lp64_product} {ergonomic}
     bool UseLargePagesIndividualAllocation        = false                                  {pd product} {ergonomic}
     bool UseParallelGC                            = true                                      {product} {command line}

Logging:
Log output configuration:
 #0: stdout all=off uptime,level,tags foldmultilines=false
 #1: stderr all=off uptime,level,tags foldmultilines=false

Release file:
<release file has not been read>
Environment Variables:
PATH=C:\Users\dushy\AppData\Local\Programs\Microsoft VS Code;C:\Users\dushy\AppData\Local\Programs\Python\Python312\Scripts\;C:\Users\dushy\AppData\Local\Programs\Python\Python312\;C:\Program Files\Common Files\Oracle\Java\javapath;C:\WINDOWS\system32;C:\WINDOWS;C:\WINDOWS\System32\Wbem;C:\WINDOWS\System32\WindowsPowerShell\v1.0\;C:\WINDOWS\System32\OpenSSH\;C:\Program Files\dotnet\;C:\Program Files\Git\cmd;C:\ProgramData\chocolatey\bin;C:\Program Files\nodejs\;C:\Program Files\Void\bin;D:\Downloads\apache-maven-3.9.14-bin\apache-maven-3.9.14\bin;C:\Program Files\MySQL\MySQL Shell 8.0\bin\;C:\Users\dushy\AppData\Local\Programs\Python\Launcher\;C:\Users\dushy\AppData\Local\Microsoft\WindowsApps;C:\Users\dushy\AppData\Local\Programs\Microsoft VS Code\bin;C:\Users\dushy\AppData\Roaming\npm;C:\Users\dushy\AppData\Local\Programs\Windsurf\bin;C:\Users\dushy\AppData\Local\Programs\Antigravity\bin
USERNAME=dushy
OS=Windows_NT
PROCESSOR_IDENTIFIER=Intel64 Family 6 Model 154 Stepping 4, GenuineIntel
TMP=C:\Users\dushy\AppData\Local\Temp
TEMP=C:\Users\dushy\AppData\Local\Temp




Periodic native trim disabled

---------------  S Y S T E M  ---------------

OS:
 Windows 11 , 64 bit Build 26100 (10.0.26100.7705)
OS uptime: 0 days 3:11 hours
Hyper-V role detected

CPU: total 12 (initial active 12) (6 cores per cpu, 2 threads per core) family 6 model 154 stepping 4 microcode 0x43b, cx8, cmov, fxsr, ht, mmx, 3dnowpref, sse, sse2, sse3, ssse3, sse4.1, sse4.2, popcnt, lzcnt, tsc, tscinvbit, avx, avx2, aes, erms, clmul, bmi1, bmi2, adx, sha, fma, vzeroupper, clflush, clflushopt, clwb, hv, serialize, rdtscp, rdpid, fsrm, f16c, cet_ibt, cet_ss
Processor Information for the first 12 processors :
  Max Mhz: 1300, Current Mhz: 1300, Mhz Limit: 1300

Memory: 4k page, system-wide physical 7876M (681M free)
TotalPageFile size 16725M (AvailPageFile size 7M)
current process WorkingSet (physical memory assigned to process): 26M, peak: 26M
current process commit charge ("private bytes"): 193M, peak: 193M

vm_info: OpenJDK 64-Bit Server VM (21.0.10+7-LTS) for windows-amd64 JRE (21.0.10+7-LTS), built on 2026-01-20T00:00:00Z by "admin" with MS VC++ 17.12 (VS2022)

END.
